<?xml version="1.0" encoding="UTF-8"?>
<!-- Generated by org.testng.reporters.JUnitReportReporter -->
<testsuite skipped="0" hostname="Hazem" name="test.TestExecution" tests="14" failures="0" timestamp="28 مار 2019 08:39:23 GMT" time="71.207" errors="0">
  <testcase name="testSignIn" time="6.158" classname="test.TestExecution"/>
  <testcase name="testLoginUser" time="3.213" classname="test.TestExecution"/>
  <testcase name="testLoginPassword" time="6.867" classname="test.TestExecution"/>
  <testcase name="search" time="6.209" classname="test.TestExecution"/>
  <testcase name="clickOnTheSearchResultLink" time="5.755" classname="test.TestExecution"/>
  <testcase name="addOpenWishlist" time="0.085" classname="test.TestExecution"/>
  <testcase name="clickonWishListLink" time="0.040" classname="test.TestExecution"/>
  <testcase name="clickoninstallButton" time="0.048" classname="test.TestExecution"/>
  <testcase name="clickonPopupinstallButton" time="0.050" classname="test.TestExecution"/>
  <testcase name="clickOkButton" time="20.582" classname="test.TestExecution"/>
  <testcase name="clickWriteaReview" time="4.594" classname="test.TestExecution"/>
  <testcase name="writeaReviewText" time="4.649" classname="test.TestExecution"/>
  <testcase name="deleteWritenReview" time="3.227" classname="test.TestExecution"/>
  <testcase name="logOut" time="9.730" classname="test.TestExecution"/>
</testsuite> <!-- test.TestExecution -->
