<?xml version="1.0" encoding="UTF-8"?>
<!-- Generated by org.testng.reporters.JUnitReportReporter -->
<testsuite skipped="0" hostname="Hazem" name="Elemnus._PageFactory" tests="4" failures="0" timestamp="23 مار 2019 15:11:08 GMT" time="0.033" errors="0">
  <testcase name="Multi" time="0.003" classname="Elemnus._PageFactory"/>
  <testcase name="Minus" time="0.005" classname="Elemnus._PageFactory"/>
  <testcase name="Divide" time="0.023" classname="Elemnus._PageFactory"/>
  <testcase name="Sum" time="0.002" classname="Elemnus._PageFactory"/>
</testsuite> <!-- Elemnus._PageFactory -->
