<?xml version="1.0" encoding="UTF-8"?>
<!-- Generated by org.testng.reporters.JUnitReportReporter -->
<testsuite skipped="0" hostname="Hazem" name="Elemnus.BasicTest" tests="4" failures="0" timestamp="23 مار 2019 16:33:55 GMT" time="0.024" errors="0">
  <testcase name="Multi" time="0.013" classname="Elemnus.BasicTest"/>
  <testcase name="Divide" time="0.007" classname="Elemnus.BasicTest"/>
  <testcase name="Minus" time="0.002" classname="Elemnus.BasicTest"/>
  <testcase name="Sum" time="0.002" classname="Elemnus.BasicTest"/>
</testsuite> <!-- Elemnus.BasicTest -->
