<?xml version="1.0" encoding="UTF-8"?>
<!-- Generated by org.testng.reporters.JUnitReportReporter -->
<testsuite skipped="0" hostname="Hazem" name="test.LoginTest" tests="3" failures="0" timestamp="25 مار 2019 17:17:24 GMT" time="15.012" errors="0">
  <testcase name="TestSignIn" time="2.444" classname="test.LoginTest"/>
  <testcase name="TestLoginUser" time="5.068" classname="test.LoginTest"/>
  <testcase name="TestLoginPassword" time="7.500" classname="test.LoginTest"/>
</testsuite> <!-- test.LoginTest -->
